{"0":"c","1":"o","10":"O","11":"N","12":"N","13":"R","14":"E","15":"F","16":"U","17":"S","18":"E","19":"D","2":"n","20":" ","21":"1","22":"2","23":"7","24":".","25":"0","26":".","27":"0","28":".","29":"1","3":"n","30":":","31":"2","32":"7","33":"0","34":"1","35":"7","4":"e","5":"c","6":"t","7":" ","8":"E","9":"C","cause":{"commonWireVersion":0,"compatible":true,"heartbeatFrequencyMS":10000,"localThresholdMS":15,"logicalSessionTimeoutMinutes":null,"maxElectionId":null,"maxSetVersion":null,"servers":{"localhost:27017":{"$clusterTime":null,"address":"localhost:27017","arbiters":[],"electionId":null,"error":{"beforeHandshake":false,"errorLabelSet":{}},"hosts":[],"iscryptd":false,"lastUpdateTime":9424175,"lastWriteDate":0,"logicalSessionTimeoutMinutes":null,"maxBsonObjectSize":null,"maxMessageSizeBytes":null,"maxWireVersion":0,"maxWriteBatchSize":null,"me":null,"minRoundTripTime":0,"minWireVersion":0,"passives":[],"primary":null,"roundTripTime":-1,"setName":null,"setVersion":null,"tags":{},"topologyVersion":null,"type":"Unknown"}},"setName":null,"stale":false,"type":"Unknown"},"errorLabelSet":{},"level":"error","message":"connect ECONNREFUSED 127.0.0.1:27017","reason":{"commonWireVersion":0,"compatible":true,"heartbeatFrequencyMS":10000,"localThresholdMS":15,"logicalSessionTimeoutMinutes":null,"maxElectionId":null,"maxSetVersion":null,"servers":{"localhost:27017":{"$clusterTime":null,"address":"localhost:27017","arbiters":[],"electionId":null,"error":{"beforeHandshake":false,"errorLabelSet":{}},"hosts":[],"iscryptd":false,"lastUpdateTime":9424175,"lastWriteDate":0,"logicalSessionTimeoutMinutes":null,"maxBsonObjectSize":null,"maxMessageSizeBytes":null,"maxWireVersion":0,"maxWriteBatchSize":null,"me":null,"minRoundTripTime":0,"minWireVersion":0,"passives":[],"primary":null,"roundTripTime":-1,"setName":null,"setVersion":null,"tags":{},"topologyVersion":null,"type":"Unknown"}},"setName":null,"stale":false,"type":"Unknown"},"timestamp":"2025-07-15 06:11:19"}
{"cause":{"commonWireVersion":0,"compatible":true,"heartbeatFrequencyMS":10000,"localThresholdMS":15,"logicalSessionTimeoutMinutes":null,"maxElectionId":null,"maxSetVersion":null,"servers":{"localhost:27017":{"$clusterTime":null,"address":"localhost:27017","arbiters":[],"electionId":null,"error":{"beforeHandshake":false,"errorLabelSet":{}},"hosts":[],"iscryptd":false,"lastUpdateTime":10433129,"lastWriteDate":0,"logicalSessionTimeoutMinutes":null,"maxBsonObjectSize":null,"maxMessageSizeBytes":null,"maxWireVersion":0,"maxWriteBatchSize":null,"me":null,"minRoundTripTime":0,"minWireVersion":0,"passives":[],"primary":null,"roundTripTime":-1,"setName":null,"setVersion":null,"tags":{},"topologyVersion":null,"type":"Unknown"}},"setName":null,"stale":false,"type":"Unknown"},"errorLabelSet":{},"level":"error","message":"connect ECONNREFUSED 127.0.0.1:27017","reason":{"commonWireVersion":0,"compatible":true,"heartbeatFrequencyMS":10000,"localThresholdMS":15,"logicalSessionTimeoutMinutes":null,"maxElectionId":null,"maxSetVersion":null,"servers":{"localhost:27017":{"$clusterTime":null,"address":"localhost:27017","arbiters":[],"electionId":null,"error":{"beforeHandshake":false,"errorLabelSet":{}},"hosts":[],"iscryptd":false,"lastUpdateTime":10433129,"lastWriteDate":0,"logicalSessionTimeoutMinutes":null,"maxBsonObjectSize":null,"maxMessageSizeBytes":null,"maxWireVersion":0,"maxWriteBatchSize":null,"me":null,"minRoundTripTime":0,"minWireVersion":0,"passives":[],"primary":null,"roundTripTime":-1,"setName":null,"setVersion":null,"tags":{},"topologyVersion":null,"type":"Unknown"}},"setName":null,"stale":false,"type":"Unknown"},"stack":"MongooseServerSelectionError: connect ECONNREFUSED 127.0.0.1:27017\n    at _handleConnectionErrors (/data/data/com.termux/files/home/projects/whatsapp-transport-booking/node_modules/mongoose/lib/connection.js:1165:11)\n    at NativeConnection.openUri (/data/data/com.termux/files/home/projects/whatsapp-transport-booking/node_modules/mongoose/lib/connection.js:1096:11)\n    at async seedData (/data/data/com.termux/files/home/projects/whatsapp-transport-booking/scripts/seed.js:26:9)","timestamp":"2025-07-15 06:28:08"}
{"level":"info","message":"MongoDB connected for seeding.","timestamp":"2025-07-15 06:40:09"}
{"level":"info","message":"Existing data cleared.","timestamp":"2025-07-15 06:40:10"}
{"level":"info","message":"Seeding vehicles...","timestamp":"2025-07-15 06:40:10"}
{"level":"info","message":"Seeded 3 vehicles.","timestamp":"2025-07-15 06:40:10"}
{"level":"info","message":"MongoDB connected for seeding.","timestamp":"2025-07-15 07:50:42"}
{"level":"info","message":"Existing data cleared.","timestamp":"2025-07-15 07:50:43"}
{"level":"info","message":"Seeding vehicles...","timestamp":"2025-07-15 07:50:43"}
{"level":"info","message":"Seeded 3 vehicles.","timestamp":"2025-07-15 07:50:43"}
{"level":"info","message":"Seeding routes...","timestamp":"2025-07-15 07:50:43"}
{"level":"info","message":"Seeded 5 routes.","timestamp":"2025-07-15 07:50:44"}
{"level":"info","message":"MongoDB connected for seeding.","timestamp":"2025-07-15 08:01:37"}
{"level":"info","message":"Existing data cleared.","timestamp":"2025-07-15 08:01:38"}
{"level":"info","message":"Seeding vehicles...","timestamp":"2025-07-15 08:01:38"}
{"level":"info","message":"Seeded 3 vehicles.","timestamp":"2025-07-15 08:01:38"}
{"level":"info","message":"Seeding routes...","timestamp":"2025-07-15 08:01:38"}
{"level":"info","message":"Seeded 5 routes.","timestamp":"2025-07-15 08:01:38"}
{"level":"info","message":"Seeding departures...","timestamp":"2025-07-15 08:01:38"}
{"level":"error","message":"Invalid distanceKm for route ABUJA to LAGOS. Skipping departure creation for this route on this date.","timestamp":"2025-07-15 08:01:38"}
{"level":"error","message":"Invalid distanceKm for route ABUJA to UYO. Skipping departure creation for this route on this date.","timestamp":"2025-07-15 08:01:38"}
{"level":"error","message":"Invalid distanceKm for route LAGOS to ABUJA. Skipping departure creation for this route on this date.","timestamp":"2025-07-15 08:01:38"}
{"level":"error","message":"Invalid distanceKm for route UYO to LAGOS. Skipping departure creation for this route on this date.","timestamp":"2025-07-15 08:01:38"}
{"level":"error","message":"Invalid distanceKm for route LAGOS to UYO. Skipping departure creation for this route on this date.","timestamp":"2025-07-15 08:01:38"}
{"level":"error","message":"Invalid distanceKm for route ABUJA to LAGOS. Skipping departure creation for this route on this date.","timestamp":"2025-07-15 08:01:38"}
{"level":"error","message":"Invalid distanceKm for route ABUJA to UYO. Skipping departure creation for this route on this date.","timestamp":"2025-07-15 08:01:38"}
{"level":"error","message":"Invalid distanceKm for route LAGOS to ABUJA. Skipping departure creation for this route on this date.","timestamp":"2025-07-15 08:01:38"}
{"level":"error","message":"Invalid distanceKm for route UYO to LAGOS. Skipping departure creation for this route on this date.","timestamp":"2025-07-15 08:01:38"}
{"level":"error","message":"Invalid distanceKm for route LAGOS to UYO. Skipping departure creation for this route on this date.","timestamp":"2025-07-15 08:01:38"}
{"level":"error","message":"Invalid distanceKm for route ABUJA to LAGOS. Skipping departure creation for this route on this date.","timestamp":"2025-07-15 08:01:38"}
{"level":"error","message":"Invalid distanceKm for route ABUJA to UYO. Skipping departure creation for this route on this date.","timestamp":"2025-07-15 08:01:38"}
{"level":"error","message":"Invalid distanceKm for route LAGOS to ABUJA. Skipping departure creation for this route on this date.","timestamp":"2025-07-15 08:01:38"}
{"level":"error","message":"Invalid distanceKm for route UYO to LAGOS. Skipping departure creation for this route on this date.","timestamp":"2025-07-15 08:01:38"}
{"level":"error","message":"Invalid distanceKm for route LAGOS to UYO. Skipping departure creation for this route on this date.","timestamp":"2025-07-15 08:01:38"}
{"level":"error","message":"Invalid distanceKm for route ABUJA to LAGOS. Skipping departure creation for this route on this date.","timestamp":"2025-07-15 08:01:39"}
{"level":"error","message":"Invalid distanceKm for route ABUJA to UYO. Skipping departure creation for this route on this date.","timestamp":"2025-07-15 08:01:39"}
{"level":"error","message":"Invalid distanceKm for route LAGOS to ABUJA. Skipping departure creation for this route on this date.","timestamp":"2025-07-15 08:01:39"}
{"level":"error","message":"Invalid distanceKm for route UYO to LAGOS. Skipping departure creation for this route on this date.","timestamp":"2025-07-15 08:01:39"}
{"level":"error","message":"Invalid distanceKm for route LAGOS to UYO. Skipping departure creation for this route on this date.","timestamp":"2025-07-15 08:01:39"}
{"level":"error","message":"Invalid distanceKm for route ABUJA to LAGOS. Skipping departure creation for this route on this date.","timestamp":"2025-07-15 08:01:39"}
{"level":"error","message":"Invalid distanceKm for route ABUJA to UYO. Skipping departure creation for this route on this date.","timestamp":"2025-07-15 08:01:39"}
{"level":"error","message":"Invalid distanceKm for route LAGOS to ABUJA. Skipping departure creation for this route on this date.","timestamp":"2025-07-15 08:01:39"}
{"level":"error","message":"Invalid distanceKm for route UYO to LAGOS. Skipping departure creation for this route on this date.","timestamp":"2025-07-15 08:01:39"}
{"level":"error","message":"Invalid distanceKm for route LAGOS to UYO. Skipping departure creation for this route on this date.","timestamp":"2025-07-15 08:01:39"}
{"level":"error","message":"Invalid distanceKm for route ABUJA to LAGOS. Skipping departure creation for this route on this date.","timestamp":"2025-07-15 08:01:39"}
{"level":"error","message":"Invalid distanceKm for route ABUJA to UYO. Skipping departure creation for this route on this date.","timestamp":"2025-07-15 08:01:39"}
{"level":"error","message":"Invalid distanceKm for route LAGOS to ABUJA. Skipping departure creation for this route on this date.","timestamp":"2025-07-15 08:01:39"}
{"level":"error","message":"Invalid distanceKm for route UYO to LAGOS. Skipping departure creation for this route on this date.","timestamp":"2025-07-15 08:01:39"}
{"level":"error","message":"Invalid distanceKm for route LAGOS to UYO. Skipping departure creation for this route on this date.","timestamp":"2025-07-15 08:01:39"}
{"level":"error","message":"Invalid distanceKm for route ABUJA to LAGOS. Skipping departure creation for this route on this date.","timestamp":"2025-07-15 08:01:39"}
{"level":"error","message":"Invalid distanceKm for route ABUJA to UYO. Skipping departure creation for this route on this date.","timestamp":"2025-07-15 08:01:39"}
{"level":"error","message":"Invalid distanceKm for route LAGOS to ABUJA. Skipping departure creation for this route on this date.","timestamp":"2025-07-15 08:01:39"}
{"level":"error","message":"Invalid distanceKm for route UYO to LAGOS. Skipping departure creation for this route on this date.","timestamp":"2025-07-15 08:01:39"}
{"level":"error","message":"Invalid distanceKm for route LAGOS to UYO. Skipping departure creation for this route on this date.","timestamp":"2025-07-15 08:01:39"}
{"level":"error","message":"Invalid distanceKm for route ABUJA to LAGOS. Skipping departure creation for this route on this date.","timestamp":"2025-07-15 08:01:39"}
{"level":"error","message":"Invalid distanceKm for route ABUJA to UYO. Skipping departure creation for this route on this date.","timestamp":"2025-07-15 08:01:39"}
{"level":"error","message":"Invalid distanceKm for route LAGOS to ABUJA. Skipping departure creation for this route on this date.","timestamp":"2025-07-15 08:01:39"}
{"level":"error","message":"Invalid distanceKm for route UYO to LAGOS. Skipping departure creation for this route on this date.","timestamp":"2025-07-15 08:01:39"}
{"level":"error","message":"Invalid distanceKm for route LAGOS to UYO. Skipping departure creation for this route on this date.","timestamp":"2025-07-15 08:01:39"}
{"level":"error","message":"Invalid distanceKm for route ABUJA to LAGOS. Skipping departure creation for this route on this date.","timestamp":"2025-07-15 08:01:39"}
{"level":"error","message":"Invalid distanceKm for route ABUJA to UYO. Skipping departure creation for this route on this date.","timestamp":"2025-07-15 08:01:39"}
{"level":"error","message":"Invalid distanceKm for route LAGOS to ABUJA. Skipping departure creation for this route on this date.","timestamp":"2025-07-15 08:01:39"}
{"level":"error","message":"Invalid distanceKm for route UYO to LAGOS. Skipping departure creation for this route on this date.","timestamp":"2025-07-15 08:01:39"}
{"level":"error","message":"Invalid distanceKm for route LAGOS to UYO. Skipping departure creation for this route on this date.","timestamp":"2025-07-15 08:01:39"}
{"level":"error","message":"Invalid distanceKm for route ABUJA to LAGOS. Skipping departure creation for this route on this date.","timestamp":"2025-07-15 08:01:39"}
{"level":"error","message":"Invalid distanceKm for route ABUJA to UYO. Skipping departure creation for this route on this date.","timestamp":"2025-07-15 08:01:39"}
{"level":"error","message":"Invalid distanceKm for route LAGOS to ABUJA. Skipping departure creation for this route on this date.","timestamp":"2025-07-15 08:01:39"}
{"level":"error","message":"Invalid distanceKm for route UYO to LAGOS. Skipping departure creation for this route on this date.","timestamp":"2025-07-15 08:01:39"}
{"level":"error","message":"Invalid distanceKm for route LAGOS to UYO. Skipping departure creation for this route on this date.","timestamp":"2025-07-15 08:01:39"}
{"level":"error","message":"Invalid distanceKm for route ABUJA to LAGOS. Skipping departure creation for this route on this date.","timestamp":"2025-07-15 08:01:39"}
{"level":"error","message":"Invalid distanceKm for route ABUJA to UYO. Skipping departure creation for this route on this date.","timestamp":"2025-07-15 08:01:39"}
{"level":"error","message":"Invalid distanceKm for route LAGOS to ABUJA. Skipping departure creation for this route on this date.","timestamp":"2025-07-15 08:01:39"}
{"level":"error","message":"Invalid distanceKm for route UYO to LAGOS. Skipping departure creation for this route on this date.","timestamp":"2025-07-15 08:01:39"}
{"level":"error","message":"Invalid distanceKm for route LAGOS to UYO. Skipping departure creation for this route on this date.","timestamp":"2025-07-15 08:01:39"}
{"level":"error","message":"Invalid distanceKm for route ABUJA to LAGOS. Skipping departure creation for this route on this date.","timestamp":"2025-07-15 08:01:39"}
{"level":"error","message":"Invalid distanceKm for route ABUJA to UYO. Skipping departure creation for this route on this date.","timestamp":"2025-07-15 08:01:39"}
{"level":"error","message":"Invalid distanceKm for route LAGOS to ABUJA. Skipping departure creation for this route on this date.","timestamp":"2025-07-15 08:01:39"}
{"level":"error","message":"Invalid distanceKm for route UYO to LAGOS. Skipping departure creation for this route on this date.","timestamp":"2025-07-15 08:01:39"}
{"level":"error","message":"Invalid distanceKm for route LAGOS to UYO. Skipping departure creation for this route on this date.","timestamp":"2025-07-15 08:01:39"}
{"level":"error","message":"Invalid distanceKm for route ABUJA to LAGOS. Skipping departure creation for this route on this date.","timestamp":"2025-07-15 08:01:39"}
{"level":"error","message":"Invalid distanceKm for route ABUJA to UYO. Skipping departure creation for this route on this date.","timestamp":"2025-07-15 08:01:39"}
{"level":"error","message":"Invalid distanceKm for route LAGOS to ABUJA. Skipping departure creation for this route on this date.","timestamp":"2025-07-15 08:01:39"}
{"level":"error","message":"Invalid distanceKm for route UYO to LAGOS. Skipping departure creation for this route on this date.","timestamp":"2025-07-15 08:01:39"}
{"level":"error","message":"Invalid distanceKm for route LAGOS to UYO. Skipping departure creation for this route on this date.","timestamp":"2025-07-15 08:01:39"}
{"level":"error","message":"Invalid distanceKm for route ABUJA to LAGOS. Skipping departure creation for this route on this date.","timestamp":"2025-07-15 08:01:39"}
{"level":"error","message":"Invalid distanceKm for route ABUJA to UYO. Skipping departure creation for this route on this date.","timestamp":"2025-07-15 08:01:39"}
{"level":"error","message":"Invalid distanceKm for route LAGOS to ABUJA. Skipping departure creation for this route on this date.","timestamp":"2025-07-15 08:01:39"}
{"level":"error","message":"Invalid distanceKm for route UYO to LAGOS. Skipping departure creation for this route on this date.","timestamp":"2025-07-15 08:01:39"}
{"level":"error","message":"Invalid distanceKm for route LAGOS to UYO. Skipping departure creation for this route on this date.","timestamp":"2025-07-15 08:01:39"}
{"level":"info","message":"Seeded 0 departures.","timestamp":"2025-07-15 08:01:39"}
{"level":"info","message":"Database seeding complete!","timestamp":"2025-07-15 08:01:39"}
{"level":"info","message":"MongoDB connection closed.","timestamp":"2025-07-15 08:01:39"}
{"level":"info","message":"MongoDB connected for seeding.","timestamp":"2025-07-15 08:12:16"}
{"level":"info","message":"Existing data cleared.","timestamp":"2025-07-15 08:12:16"}
{"level":"info","message":"Seeding vehicles...","timestamp":"2025-07-15 08:12:16"}
{"level":"info","message":"Seeded 3 vehicles.","timestamp":"2025-07-15 08:12:17"}
{"level":"info","message":"Seeding routes...","timestamp":"2025-07-15 08:12:17"}
{"level":"info","message":"Seeded 5 routes.","timestamp":"2025-07-15 08:12:17"}
{"level":"info","message":"Seeding departures...","timestamp":"2025-07-15 08:12:17"}
{"level":"error","message":"(Still) Invalid distanceKm for route ABUJA to LAGOS. This should not happen after .toObject().","timestamp":"2025-07-15 08:12:17"}
{"level":"error","message":"(Still) Invalid distanceKm for route ABUJA to UYO. This should not happen after .toObject().","timestamp":"2025-07-15 08:12:17"}
{"level":"error","message":"(Still) Invalid distanceKm for route LAGOS to ABUJA. This should not happen after .toObject().","timestamp":"2025-07-15 08:12:17"}
{"level":"error","message":"(Still) Invalid distanceKm for route UYO to LAGOS. This should not happen after .toObject().","timestamp":"2025-07-15 08:12:17"}
{"level":"error","message":"(Still) Invalid distanceKm for route LAGOS to UYO. This should not happen after .toObject().","timestamp":"2025-07-15 08:12:17"}
{"level":"error","message":"(Still) Invalid distanceKm for route ABUJA to LAGOS. This should not happen after .toObject().","timestamp":"2025-07-15 08:12:17"}
{"level":"error","message":"(Still) Invalid distanceKm for route ABUJA to UYO. This should not happen after .toObject().","timestamp":"2025-07-15 08:12:17"}
{"level":"error","message":"(Still) Invalid distanceKm for route LAGOS to ABUJA. This should not happen after .toObject().","timestamp":"2025-07-15 08:12:17"}
{"level":"error","message":"(Still) Invalid distanceKm for route UYO to LAGOS. This should not happen after .toObject().","timestamp":"2025-07-15 08:12:17"}
{"level":"error","message":"(Still) Invalid distanceKm for route LAGOS to UYO. This should not happen after .toObject().","timestamp":"2025-07-15 08:12:17"}
{"level":"error","message":"(Still) Invalid distanceKm for route ABUJA to LAGOS. This should not happen after .toObject().","timestamp":"2025-07-15 08:12:17"}
{"level":"error","message":"(Still) Invalid distanceKm for route ABUJA to UYO. This should not happen after .toObject().","timestamp":"2025-07-15 08:12:17"}
{"level":"error","message":"(Still) Invalid distanceKm for route LAGOS to ABUJA. This should not happen after .toObject().","timestamp":"2025-07-15 08:12:17"}
{"level":"error","message":"(Still) Invalid distanceKm for route UYO to LAGOS. This should not happen after .toObject().","timestamp":"2025-07-15 08:12:17"}
{"level":"error","message":"(Still) Invalid distanceKm for route LAGOS to UYO. This should not happen after .toObject().","timestamp":"2025-07-15 08:12:17"}
{"level":"error","message":"(Still) Invalid distanceKm for route ABUJA to LAGOS. This should not happen after .toObject().","timestamp":"2025-07-15 08:12:17"}
{"level":"error","message":"(Still) Invalid distanceKm for route ABUJA to UYO. This should not happen after .toObject().","timestamp":"2025-07-15 08:12:17"}
{"level":"error","message":"(Still) Invalid distanceKm for route LAGOS to ABUJA. This should not happen after .toObject().","timestamp":"2025-07-15 08:12:17"}
{"level":"error","message":"(Still) Invalid distanceKm for route UYO to LAGOS. This should not happen after .toObject().","timestamp":"2025-07-15 08:12:17"}
{"level":"error","message":"(Still) Invalid distanceKm for route LAGOS to UYO. This should not happen after .toObject().","timestamp":"2025-07-15 08:12:17"}
{"level":"error","message":"(Still) Invalid distanceKm for route ABUJA to LAGOS. This should not happen after .toObject().","timestamp":"2025-07-15 08:12:17"}
{"level":"error","message":"(Still) Invalid distanceKm for route ABUJA to UYO. This should not happen after .toObject().","timestamp":"2025-07-15 08:12:17"}
{"level":"error","message":"(Still) Invalid distanceKm for route LAGOS to ABUJA. This should not happen after .toObject().","timestamp":"2025-07-15 08:12:17"}
{"level":"error","message":"(Still) Invalid distanceKm for route UYO to LAGOS. This should not happen after .toObject().","timestamp":"2025-07-15 08:12:17"}
{"level":"error","message":"(Still) Invalid distanceKm for route LAGOS to UYO. This should not happen after .toObject().","timestamp":"2025-07-15 08:12:17"}
{"level":"error","message":"(Still) Invalid distanceKm for route ABUJA to LAGOS. This should not happen after .toObject().","timestamp":"2025-07-15 08:12:17"}
{"level":"error","message":"(Still) Invalid distanceKm for route ABUJA to UYO. This should not happen after .toObject().","timestamp":"2025-07-15 08:12:17"}
{"level":"error","message":"(Still) Invalid distanceKm for route LAGOS to ABUJA. This should not happen after .toObject().","timestamp":"2025-07-15 08:12:17"}
{"level":"error","message":"(Still) Invalid distanceKm for route UYO to LAGOS. This should not happen after .toObject().","timestamp":"2025-07-15 08:12:17"}
{"level":"error","message":"(Still) Invalid distanceKm for route LAGOS to UYO. This should not happen after .toObject().","timestamp":"2025-07-15 08:12:17"}
{"level":"error","message":"(Still) Invalid distanceKm for route ABUJA to LAGOS. This should not happen after .toObject().","timestamp":"2025-07-15 08:12:17"}
{"level":"error","message":"(Still) Invalid distanceKm for route ABUJA to UYO. This should not happen after .toObject().","timestamp":"2025-07-15 08:12:17"}
{"level":"error","message":"(Still) Invalid distanceKm for route LAGOS to ABUJA. This should not happen after .toObject().","timestamp":"2025-07-15 08:12:17"}
{"level":"error","message":"(Still) Invalid distanceKm for route UYO to LAGOS. This should not happen after .toObject().","timestamp":"2025-07-15 08:12:17"}
{"level":"error","message":"(Still) Invalid distanceKm for route LAGOS to UYO. This should not happen after .toObject().","timestamp":"2025-07-15 08:12:17"}
{"level":"error","message":"(Still) Invalid distanceKm for route ABUJA to LAGOS. This should not happen after .toObject().","timestamp":"2025-07-15 08:12:17"}
{"level":"error","message":"(Still) Invalid distanceKm for route ABUJA to UYO. This should not happen after .toObject().","timestamp":"2025-07-15 08:12:17"}
{"level":"error","message":"(Still) Invalid distanceKm for route LAGOS to ABUJA. This should not happen after .toObject().","timestamp":"2025-07-15 08:12:17"}
{"level":"error","message":"(Still) Invalid distanceKm for route UYO to LAGOS. This should not happen after .toObject().","timestamp":"2025-07-15 08:12:17"}
{"level":"error","message":"(Still) Invalid distanceKm for route LAGOS to UYO. This should not happen after .toObject().","timestamp":"2025-07-15 08:12:17"}
{"level":"error","message":"(Still) Invalid distanceKm for route ABUJA to LAGOS. This should not happen after .toObject().","timestamp":"2025-07-15 08:12:17"}
{"level":"error","message":"(Still) Invalid distanceKm for route ABUJA to UYO. This should not happen after .toObject().","timestamp":"2025-07-15 08:12:17"}
{"level":"error","message":"(Still) Invalid distanceKm for route LAGOS to ABUJA. This should not happen after .toObject().","timestamp":"2025-07-15 08:12:17"}
{"level":"error","message":"(Still) Invalid distanceKm for route UYO to LAGOS. This should not happen after .toObject().","timestamp":"2025-07-15 08:12:17"}
{"level":"error","message":"(Still) Invalid distanceKm for route LAGOS to UYO. This should not happen after .toObject().","timestamp":"2025-07-15 08:12:17"}
{"level":"error","message":"(Still) Invalid distanceKm for route ABUJA to LAGOS. This should not happen after .toObject().","timestamp":"2025-07-15 08:12:17"}
{"level":"error","message":"(Still) Invalid distanceKm for route ABUJA to UYO. This should not happen after .toObject().","timestamp":"2025-07-15 08:12:17"}
{"level":"error","message":"(Still) Invalid distanceKm for route LAGOS to ABUJA. This should not happen after .toObject().","timestamp":"2025-07-15 08:12:17"}
{"level":"error","message":"(Still) Invalid distanceKm for route UYO to LAGOS. This should not happen after .toObject().","timestamp":"2025-07-15 08:12:17"}
{"level":"error","message":"(Still) Invalid distanceKm for route LAGOS to UYO. This should not happen after .toObject().","timestamp":"2025-07-15 08:12:17"}
{"level":"error","message":"(Still) Invalid distanceKm for route ABUJA to LAGOS. This should not happen after .toObject().","timestamp":"2025-07-15 08:12:17"}
{"level":"error","message":"(Still) Invalid distanceKm for route ABUJA to UYO. This should not happen after .toObject().","timestamp":"2025-07-15 08:12:17"}
{"level":"error","message":"(Still) Invalid distanceKm for route LAGOS to ABUJA. This should not happen after .toObject().","timestamp":"2025-07-15 08:12:17"}
{"level":"error","message":"(Still) Invalid distanceKm for route UYO to LAGOS. This should not happen after .toObject().","timestamp":"2025-07-15 08:12:17"}
{"level":"error","message":"(Still) Invalid distanceKm for route LAGOS to UYO. This should not happen after .toObject().","timestamp":"2025-07-15 08:12:17"}
{"level":"error","message":"(Still) Invalid distanceKm for route ABUJA to LAGOS. This should not happen after .toObject().","timestamp":"2025-07-15 08:12:17"}
{"level":"error","message":"(Still) Invalid distanceKm for route ABUJA to UYO. This should not happen after .toObject().","timestamp":"2025-07-15 08:12:17"}
{"level":"error","message":"(Still) Invalid distanceKm for route LAGOS to ABUJA. This should not happen after .toObject().","timestamp":"2025-07-15 08:12:17"}
{"level":"error","message":"(Still) Invalid distanceKm for route UYO to LAGOS. This should not happen after .toObject().","timestamp":"2025-07-15 08:12:17"}
{"level":"error","message":"(Still) Invalid distanceKm for route LAGOS to UYO. This should not happen after .toObject().","timestamp":"2025-07-15 08:12:17"}
{"level":"error","message":"(Still) Invalid distanceKm for route ABUJA to LAGOS. This should not happen after .toObject().","timestamp":"2025-07-15 08:12:17"}
{"level":"error","message":"(Still) Invalid distanceKm for route ABUJA to UYO. This should not happen after .toObject().","timestamp":"2025-07-15 08:12:17"}
{"level":"error","message":"(Still) Invalid distanceKm for route LAGOS to ABUJA. This should not happen after .toObject().","timestamp":"2025-07-15 08:12:17"}
{"level":"error","message":"(Still) Invalid distanceKm for route UYO to LAGOS. This should not happen after .toObject().","timestamp":"2025-07-15 08:12:17"}
{"level":"error","message":"(Still) Invalid distanceKm for route LAGOS to UYO. This should not happen after .toObject().","timestamp":"2025-07-15 08:12:17"}
{"level":"error","message":"(Still) Invalid distanceKm for route ABUJA to LAGOS. This should not happen after .toObject().","timestamp":"2025-07-15 08:12:17"}
{"level":"error","message":"(Still) Invalid distanceKm for route ABUJA to UYO. This should not happen after .toObject().","timestamp":"2025-07-15 08:12:17"}
{"level":"error","message":"(Still) Invalid distanceKm for route LAGOS to ABUJA. This should not happen after .toObject().","timestamp":"2025-07-15 08:12:17"}
{"level":"error","message":"(Still) Invalid distanceKm for route UYO to LAGOS. This should not happen after .toObject().","timestamp":"2025-07-15 08:12:17"}
{"level":"error","message":"(Still) Invalid distanceKm for route LAGOS to UYO. This should not happen after .toObject().","timestamp":"2025-07-15 08:12:17"}
{"level":"info","message":"Seeded 0 departures.","timestamp":"2025-07-15 08:12:17"}
{"level":"info","message":"Database seeding complete!","timestamp":"2025-07-15 08:12:17"}
{"level":"info","message":"MongoDB connection closed.","timestamp":"2025-07-15 08:12:17"}
{"level":"info","message":"MongoDB connected for seeding.","timestamp":"2025-07-15 08:20:10"}
{"level":"info","message":"Existing data cleared.","timestamp":"2025-07-15 08:20:11"}
{"level":"info","message":"Seeding vehicles...","timestamp":"2025-07-15 08:20:11"}
{"level":"info","message":"Seeded 3 vehicles.","timestamp":"2025-07-15 08:20:12"}
{"level":"info","message":"Seeding routes...","timestamp":"2025-07-15 08:20:12"}
{"level":"info","message":"Seeded 5 routes.","timestamp":"2025-07-15 08:20:12"}
{"level":"info","message":"Seeding departures...","timestamp":"2025-07-15 08:20:12"}
{"level":"error","message":"(Still) Invalid distanceKm for route ABUJA to LAGOS. This should not happen after .toObject().","timestamp":"2025-07-15 08:20:12"}
{"level":"error","message":"(Still) Invalid distanceKm for route ABUJA to UYO. This should not happen after .toObject().","timestamp":"2025-07-15 08:20:12"}
{"level":"error","message":"(Still) Invalid distanceKm for route LAGOS to ABUJA. This should not happen after .toObject().","timestamp":"2025-07-15 08:20:12"}
{"level":"error","message":"(Still) Invalid distanceKm for route UYO to LAGOS. This should not happen after .toObject().","timestamp":"2025-07-15 08:20:12"}
{"level":"error","message":"(Still) Invalid distanceKm for route LAGOS to UYO. This should not happen after .toObject().","timestamp":"2025-07-15 08:20:12"}
{"level":"error","message":"(Still) Invalid distanceKm for route ABUJA to LAGOS. This should not happen after .toObject().","timestamp":"2025-07-15 08:20:12"}
{"level":"error","message":"(Still) Invalid distanceKm for route ABUJA to UYO. This should not happen after .toObject().","timestamp":"2025-07-15 08:20:12"}
{"level":"error","message":"(Still) Invalid distanceKm for route LAGOS to ABUJA. This should not happen after .toObject().","timestamp":"2025-07-15 08:20:12"}
{"level":"error","message":"(Still) Invalid distanceKm for route UYO to LAGOS. This should not happen after .toObject().","timestamp":"2025-07-15 08:20:12"}
{"level":"error","message":"(Still) Invalid distanceKm for route LAGOS to UYO. This should not happen after .toObject().","timestamp":"2025-07-15 08:20:12"}
{"level":"error","message":"(Still) Invalid distanceKm for route ABUJA to LAGOS. This should not happen after .toObject().","timestamp":"2025-07-15 08:20:12"}
{"level":"error","message":"(Still) Invalid distanceKm for route ABUJA to UYO. This should not happen after .toObject().","timestamp":"2025-07-15 08:20:12"}
{"level":"error","message":"(Still) Invalid distanceKm for route LAGOS to ABUJA. This should not happen after .toObject().","timestamp":"2025-07-15 08:20:12"}
{"level":"error","message":"(Still) Invalid distanceKm for route UYO to LAGOS. This should not happen after .toObject().","timestamp":"2025-07-15 08:20:12"}
{"level":"error","message":"(Still) Invalid distanceKm for route LAGOS to UYO. This should not happen after .toObject().","timestamp":"2025-07-15 08:20:12"}
{"level":"error","message":"(Still) Invalid distanceKm for route ABUJA to LAGOS. This should not happen after .toObject().","timestamp":"2025-07-15 08:20:12"}
{"level":"error","message":"(Still) Invalid distanceKm for route ABUJA to UYO. This should not happen after .toObject().","timestamp":"2025-07-15 08:20:12"}
{"level":"error","message":"(Still) Invalid distanceKm for route LAGOS to ABUJA. This should not happen after .toObject().","timestamp":"2025-07-15 08:20:12"}
{"level":"error","message":"(Still) Invalid distanceKm for route UYO to LAGOS. This should not happen after .toObject().","timestamp":"2025-07-15 08:20:12"}
{"level":"error","message":"(Still) Invalid distanceKm for route LAGOS to UYO. This should not happen after .toObject().","timestamp":"2025-07-15 08:20:12"}
{"level":"error","message":"(Still) Invalid distanceKm for route ABUJA to LAGOS. This should not happen after .toObject().","timestamp":"2025-07-15 08:20:12"}
{"level":"error","message":"(Still) Invalid distanceKm for route ABUJA to UYO. This should not happen after .toObject().","timestamp":"2025-07-15 08:20:12"}
{"level":"error","message":"(Still) Invalid distanceKm for route LAGOS to ABUJA. This should not happen after .toObject().","timestamp":"2025-07-15 08:20:12"}
{"level":"error","message":"(Still) Invalid distanceKm for route UYO to LAGOS. This should not happen after .toObject().","timestamp":"2025-07-15 08:20:12"}
{"level":"error","message":"(Still) Invalid distanceKm for route LAGOS to UYO. This should not happen after .toObject().","timestamp":"2025-07-15 08:20:12"}
{"level":"error","message":"(Still) Invalid distanceKm for route ABUJA to LAGOS. This should not happen after .toObject().","timestamp":"2025-07-15 08:20:12"}
{"level":"error","message":"(Still) Invalid distanceKm for route ABUJA to UYO. This should not happen after .toObject().","timestamp":"2025-07-15 08:20:12"}
{"level":"error","message":"(Still) Invalid distanceKm for route LAGOS to ABUJA. This should not happen after .toObject().","timestamp":"2025-07-15 08:20:12"}
{"level":"error","message":"(Still) Invalid distanceKm for route UYO to LAGOS. This should not happen after .toObject().","timestamp":"2025-07-15 08:20:12"}
{"level":"error","message":"(Still) Invalid distanceKm for route LAGOS to UYO. This should not happen after .toObject().","timestamp":"2025-07-15 08:20:12"}
{"level":"error","message":"(Still) Invalid distanceKm for route ABUJA to LAGOS. This should not happen after .toObject().","timestamp":"2025-07-15 08:20:12"}
{"level":"error","message":"(Still) Invalid distanceKm for route ABUJA to UYO. This should not happen after .toObject().","timestamp":"2025-07-15 08:20:12"}
{"level":"error","message":"(Still) Invalid distanceKm for route LAGOS to ABUJA. This should not happen after .toObject().","timestamp":"2025-07-15 08:20:12"}
{"level":"error","message":"(Still) Invalid distanceKm for route UYO to LAGOS. This should not happen after .toObject().","timestamp":"2025-07-15 08:20:12"}
{"level":"error","message":"(Still) Invalid distanceKm for route LAGOS to UYO. This should not happen after .toObject().","timestamp":"2025-07-15 08:20:12"}
{"level":"error","message":"(Still) Invalid distanceKm for route ABUJA to LAGOS. This should not happen after .toObject().","timestamp":"2025-07-15 08:20:12"}
{"level":"error","message":"(Still) Invalid distanceKm for route ABUJA to UYO. This should not happen after .toObject().","timestamp":"2025-07-15 08:20:12"}
{"level":"error","message":"(Still) Invalid distanceKm for route LAGOS to ABUJA. This should not happen after .toObject().","timestamp":"2025-07-15 08:20:12"}
{"level":"error","message":"(Still) Invalid distanceKm for route UYO to LAGOS. This should not happen after .toObject().","timestamp":"2025-07-15 08:20:12"}
{"level":"error","message":"(Still) Invalid distanceKm for route LAGOS to UYO. This should not happen after .toObject().","timestamp":"2025-07-15 08:20:12"}
{"level":"error","message":"(Still) Invalid distanceKm for route ABUJA to LAGOS. This should not happen after .toObject().","timestamp":"2025-07-15 08:20:12"}
{"level":"error","message":"(Still) Invalid distanceKm for route ABUJA to UYO. This should not happen after .toObject().","timestamp":"2025-07-15 08:20:12"}
{"level":"error","message":"(Still) Invalid distanceKm for route LAGOS to ABUJA. This should not happen after .toObject().","timestamp":"2025-07-15 08:20:12"}
{"level":"error","message":"(Still) Invalid distanceKm for route UYO to LAGOS. This should not happen after .toObject().","timestamp":"2025-07-15 08:20:12"}
{"level":"error","message":"(Still) Invalid distanceKm for route LAGOS to UYO. This should not happen after .toObject().","timestamp":"2025-07-15 08:20:12"}
{"level":"error","message":"(Still) Invalid distanceKm for route ABUJA to LAGOS. This should not happen after .toObject().","timestamp":"2025-07-15 08:20:12"}
{"level":"error","message":"(Still) Invalid distanceKm for route ABUJA to UYO. This should not happen after .toObject().","timestamp":"2025-07-15 08:20:12"}
{"level":"error","message":"(Still) Invalid distanceKm for route LAGOS to ABUJA. This should not happen after .toObject().","timestamp":"2025-07-15 08:20:12"}
{"level":"error","message":"(Still) Invalid distanceKm for route UYO to LAGOS. This should not happen after .toObject().","timestamp":"2025-07-15 08:20:12"}
{"level":"error","message":"(Still) Invalid distanceKm for route LAGOS to UYO. This should not happen after .toObject().","timestamp":"2025-07-15 08:20:12"}
{"level":"error","message":"(Still) Invalid distanceKm for route ABUJA to LAGOS. This should not happen after .toObject().","timestamp":"2025-07-15 08:20:12"}
{"level":"error","message":"(Still) Invalid distanceKm for route ABUJA to UYO. This should not happen after .toObject().","timestamp":"2025-07-15 08:20:12"}
{"level":"error","message":"(Still) Invalid distanceKm for route LAGOS to ABUJA. This should not happen after .toObject().","timestamp":"2025-07-15 08:20:12"}
{"level":"error","message":"(Still) Invalid distanceKm for route UYO to LAGOS. This should not happen after .toObject().","timestamp":"2025-07-15 08:20:12"}
{"level":"error","message":"(Still) Invalid distanceKm for route LAGOS to UYO. This should not happen after .toObject().","timestamp":"2025-07-15 08:20:12"}
{"level":"error","message":"(Still) Invalid distanceKm for route ABUJA to LAGOS. This should not happen after .toObject().","timestamp":"2025-07-15 08:20:12"}
{"level":"error","message":"(Still) Invalid distanceKm for route ABUJA to UYO. This should not happen after .toObject().","timestamp":"2025-07-15 08:20:12"}
{"level":"error","message":"(Still) Invalid distanceKm for route LAGOS to ABUJA. This should not happen after .toObject().","timestamp":"2025-07-15 08:20:12"}
{"level":"error","message":"(Still) Invalid distanceKm for route UYO to LAGOS. This should not happen after .toObject().","timestamp":"2025-07-15 08:20:12"}
{"level":"error","message":"(Still) Invalid distanceKm for route LAGOS to UYO. This should not happen after .toObject().","timestamp":"2025-07-15 08:20:12"}
{"level":"error","message":"(Still) Invalid distanceKm for route ABUJA to LAGOS. This should not happen after .toObject().","timestamp":"2025-07-15 08:20:12"}
{"level":"error","message":"(Still) Invalid distanceKm for route ABUJA to UYO. This should not happen after .toObject().","timestamp":"2025-07-15 08:20:12"}
{"level":"error","message":"(Still) Invalid distanceKm for route LAGOS to ABUJA. This should not happen after .toObject().","timestamp":"2025-07-15 08:20:12"}
{"level":"error","message":"(Still) Invalid distanceKm for route UYO to LAGOS. This should not happen after .toObject().","timestamp":"2025-07-15 08:20:12"}
{"level":"error","message":"(Still) Invalid distanceKm for route LAGOS to UYO. This should not happen after .toObject().","timestamp":"2025-07-15 08:20:12"}
{"level":"error","message":"(Still) Invalid distanceKm for route ABUJA to LAGOS. This should not happen after .toObject().","timestamp":"2025-07-15 08:20:12"}
{"level":"error","message":"(Still) Invalid distanceKm for route ABUJA to UYO. This should not happen after .toObject().","timestamp":"2025-07-15 08:20:12"}
{"level":"error","message":"(Still) Invalid distanceKm for route LAGOS to ABUJA. This should not happen after .toObject().","timestamp":"2025-07-15 08:20:12"}
{"level":"error","message":"(Still) Invalid distanceKm for route UYO to LAGOS. This should not happen after .toObject().","timestamp":"2025-07-15 08:20:12"}
{"level":"error","message":"(Still) Invalid distanceKm for route LAGOS to UYO. This should not happen after .toObject().","timestamp":"2025-07-15 08:20:12"}
{"level":"info","message":"Seeded 0 departures.","timestamp":"2025-07-15 08:20:12"}
{"level":"info","message":"Database seeding complete!","timestamp":"2025-07-15 08:20:12"}
{"level":"info","message":"MongoDB connection closed.","timestamp":"2025-07-15 08:20:12"}
{"level":"info","message":"MongoDB connected for seeding.","timestamp":"2025-07-15 08:28:14"}
{"level":"info","message":"Existing data cleared.","timestamp":"2025-07-15 08:28:15"}
{"level":"info","message":"Seeding vehicles...","timestamp":"2025-07-15 08:28:15"}
{"level":"info","message":"Seeded 3 vehicles.","timestamp":"2025-07-15 08:28:15"}
{"level":"info","message":"Seeding routes...","timestamp":"2025-07-15 08:28:15"}
{"level":"info","message":"Seeded 5 routes.","timestamp":"2025-07-15 08:28:16"}
{"level":"info","message":"MongoDB connected for seeding.","timestamp":"2025-07-15 11:07:11"}
{"level":"info","message":"Existing data cleared.","timestamp":"2025-07-15 11:07:12"}
{"level":"info","message":"Seeding vehicles...","timestamp":"2025-07-15 11:07:12"}
{"level":"info","message":"Seeded 3 vehicles.","timestamp":"2025-07-15 11:07:12"}
{"level":"info","message":"Seeding routes...","timestamp":"2025-07-15 11:07:12"}
{"level":"info","message":"Seeded 5 routes.","timestamp":"2025-07-15 11:07:13"}
{"level":"info","message":"Seeding departures...","timestamp":"2025-07-15 11:07:13"}
{"level":"info","message":"Seeded 140 departures.","timestamp":"2025-07-15 11:07:14"}
{"level":"info","message":"Database seeding complete!","timestamp":"2025-07-15 11:07:14"}
{"level":"info","message":"MongoDB connection closed.","timestamp":"2025-07-15 11:07:14"}
